c:\users\73903\onedrive - grundfos\skole\h2\visual studio\h2_2020_github\h2_code\geat et tal\x64\debug\vc141.pdb
c:\users\73903\onedrive - grundfos\skole\h2\visual studio\h2_2020_github\h2_code\geat et tal\x64\debug\vc141.idb
c:\users\73903\onedrive - grundfos\skole\h2\visual studio\h2_2020_github\h2_code\geat et tal\x64\debug\main.obj
c:\users\73903\onedrive - grundfos\skole\h2\visual studio\h2_2020_github\h2_code\geat et tal\x64\debug\score.obj
c:\users\73903\onedrive - grundfos\skole\h2\visual studio\h2_2020_github\h2_code\geat et tal\x64\debug\spil.obj
c:\users\73903\onedrive - grundfos\skole\h2\visual studio\h2_2020_github\h2_code\geat et tal\x64\debug\regler.obj
c:\users\73903\onedrive - grundfos\skole\h2\visual studio\h2_2020_github\h2_code\geat et tal\x64\debug\highscore.obj
c:\users\73903\onedrive - grundfos\skole\h2\visual studio\h2_2020_github\h2_code\x64\debug\geat et tal.exe
c:\users\73903\onedrive - grundfos\skole\h2\visual studio\h2_2020_github\h2_code\x64\debug\geat et tal.ilk
c:\users\73903\onedrive - grundfos\skole\h2\visual studio\h2_2020_github\h2_code\x64\debug\geat et tal.pdb
c:\users\73903\onedrive - grundfos\skole\h2\visual studio\h2_2020_github\h2_code\geat et tal\x64\debug\findtal.obj
c:\users\73903\onedrive - grundfos\skole\h2\visual studio\h2_2020_github\h2_code\geat et tal\x64\debug\input.obj
c:\users\73903\onedrive - grundfos\skole\h2\visual studio\h2_2020_github\h2_code\geat et tal\x64\debug\outgaet.obj
c:\users\73903\onedrive - grundfos\skole\h2\visual studio\h2_2020_github\h2_code\geat et tal\x64\debug\outhurra.obj
c:\users\73903\onedrive - grundfos\skole\h2\visual studio\h2_2020_github\h2_code\geat et tal\x64\debug\tester.obj
c:\users\73903\onedrive - grundfos\skole\h2\visual studio\h2_2020_github\h2_code\geat et tal\x64\debug\geat et tal.tlog\cl.command.1.tlog
c:\users\73903\onedrive - grundfos\skole\h2\visual studio\h2_2020_github\h2_code\geat et tal\x64\debug\geat et tal.tlog\cl.read.1.tlog
c:\users\73903\onedrive - grundfos\skole\h2\visual studio\h2_2020_github\h2_code\geat et tal\x64\debug\geat et tal.tlog\cl.write.1.tlog
c:\users\73903\onedrive - grundfos\skole\h2\visual studio\h2_2020_github\h2_code\geat et tal\x64\debug\geat et tal.tlog\link-cvtres.read.1.tlog
c:\users\73903\onedrive - grundfos\skole\h2\visual studio\h2_2020_github\h2_code\geat et tal\x64\debug\geat et tal.tlog\link-cvtres.write.1.tlog
c:\users\73903\onedrive - grundfos\skole\h2\visual studio\h2_2020_github\h2_code\geat et tal\x64\debug\geat et tal.tlog\link-rc.read.1.tlog
c:\users\73903\onedrive - grundfos\skole\h2\visual studio\h2_2020_github\h2_code\geat et tal\x64\debug\geat et tal.tlog\link-rc.write.1.tlog
c:\users\73903\onedrive - grundfos\skole\h2\visual studio\h2_2020_github\h2_code\geat et tal\x64\debug\geat et tal.tlog\link.command.1.tlog
c:\users\73903\onedrive - grundfos\skole\h2\visual studio\h2_2020_github\h2_code\geat et tal\x64\debug\geat et tal.tlog\link.read.1.tlog
c:\users\73903\onedrive - grundfos\skole\h2\visual studio\h2_2020_github\h2_code\geat et tal\x64\debug\geat et tal.tlog\link.write.1.tlog
